#
# A fatal error has been detected by the Java Runtime Environment:
#
#  Internal Error (javaClasses.cpp:136), pid=5808, tid=5124
#  fatal error: Invalid layout of preloaded class
#
# JRE version:  (7.0_65-b20) (build )
# Java VM: Java HotSpot(TM) Client VM (24.65-b04 mixed mode windows-x86 )
# Failed to write core dump. Minidumps are not enabled by default on client versions of Windows
#
# If you would like to submit a bug report, please visit:
#   http://bugreport.sun.com/bugreport/crash.jsp
#

---------------  T H R E A D  ---------------

Current thread (0x009fc000):  JavaThread "Unknown thread" [_thread_in_vm, id=5124, stack(0x009a0000,0x009f0000)]

Stack: [0x009a0000,0x009f0000],  sp=0x009ef60c,  free space=317k
Native frames: (J=compiled Java code, j=interpreted, Vv=VM code, C=native code)
V  [jvm.dll+0x190494]
V  [jvm.dll+0x18a116]
V  [jvm.dll+0x35d7a]
V  [jvm.dll+0x35e06]
V  [jvm.dll+0x4465d]
V  [jvm.dll+0x4490e]
V  [jvm.dll+0x92f8a]
V  [jvm.dll+0x9333b]
V  [jvm.dll+0x13fa31]
V  [jvm.dll+0x1626fc]
V  [jvm.dll+0xc9d6f]
C  [javaw.exe+0x13ce]
C  [javaw.exe+0x1e40]
C  [javaw.exe+0xa601]
C  [javaw.exe+0xa68b]
C  [kernel32.dll+0x4ee1c]
C  [ntdll.dll+0x637eb]
C  [ntdll.dll+0x637be]


---------------  P R O C E S S  ---------------

Java Threads: ( => current thread )

Other Threads:

=>0x009fc000 (exited) JavaThread "Unknown thread" [_thread_in_vm, id=5124, stack(0x009a0000,0x009f0000)]

VM state:not at safepoint (not fully initialized)

VM Mutex/Monitor currently owned by a thread: None

GC Heap History (0 events):
No events

Deoptimization events (0 events):
No events

Internal exceptions (0 events):
No events

Events (10 events):
Event: 0.006 loading class 0x008c93e8 done
Event: 0.007 loading class 0x008c8e78 done
Event: 0.007 loading class 0x008c8e58
Event: 0.007 loading class 0x008d01c8
Event: 0.023 loading class 0x008d01c8 done
Event: 0.023 loading class 0x008d01f8
Event: 0.023 loading class 0x008d01f8 done
Event: 0.023 loading class 0x008d0228
Event: 0.023 loading class 0x008d0228 done
Event: 0.023 loading class 0x008c8e58 done


Dynamic libraries:
0x00ae0000 - 0x00b0f000 	C:\Program Files\Java\jre7\bin\javaw.exe
0x77a50000 - 0x77b8c000 	C:\Windows\SYSTEM32\ntdll.dll
0x77ba0000 - 0x77c74000 	C:\Windows\system32\kernel32.dll
0x75ba0000 - 0x75beb000 	C:\Windows\system32\KERNELBASE.dll
0x76890000 - 0x76930000 	C:\Windows\system32\ADVAPI32.dll
0x764c0000 - 0x7656c000 	C:\Windows\system32\msvcrt.dll
0x76a70000 - 0x76a89000 	C:\Windows\SYSTEM32\sechost.dll
0x76390000 - 0x76432000 	C:\Windows\system32\RPCRT4.dll
0x75de0000 - 0x75ea9000 	C:\Windows\system32\USER32.dll
0x76840000 - 0x7688e000 	C:\Windows\system32\GDI32.dll
0x76d60000 - 0x76d6a000 	C:\Windows\system32\LPK.dll
0x767a0000 - 0x7683d000 	C:\Windows\system32\USP10.dll
0x748e0000 - 0x74a7e000 	C:\Windows\WinSxS\x86_microsoft.windows.common-controls_6595b64144ccf1df_6.0.7601.17514_none_41e6975e2bd6f2b2\COMCTL32.dll
0x769f0000 - 0x76a47000 	C:\Windows\system32\SHLWAPI.dll
0x76a50000 - 0x76a6f000 	C:\Windows\system32\IMM32.DLL
0x76c90000 - 0x76d5c000 	C:\Windows\system32\MSCTF.dll
0x57320000 - 0x573df000 	C:\Program Files\Java\jre7\bin\msvcr100.dll
0x54a90000 - 0x54e18000 	C:\Program Files\Java\jre7\bin\client\jvm.dll
0x6c730000 - 0x6c737000 	C:\Windows\system32\WSOCK32.dll
0x76c50000 - 0x76c85000 	C:\Windows\system32\WS2_32.dll
0x76790000 - 0x76796000 	C:\Windows\system32\NSI.dll
0x707f0000 - 0x70822000 	C:\Windows\system32\WINMM.dll
0x75eb0000 - 0x75eb5000 	C:\Windows\system32\PSAPI.DLL
0x711d0000 - 0x711dc000 	C:\Program Files\Java\jre7\bin\verify.dll
0x6c490000 - 0x6c4b0000 	C:\Program Files\Java\jre7\bin\java.dll
0x6c5e0000 - 0x6c5f3000 	C:\Program Files\Java\jre7\bin\zip.dll
0x726c0000 - 0x727ab000 	C:\Windows\system32\dbghelp.dll

VM Arguments:
jvm_args: -Dfile.encoding=UTF-8 -Xbootclasspath:C:\Users\jhta\android-sdks\platforms\android-19\android.jar 
java_command: com.example.sns.AndroidUploader2
Launcher Type: SUN_STANDARD

Environment Variables:
JAVA_HOME=C:\Program Files\Java\jdk1.7.0_51
CLASSPATH=.;
PATH=C:/Program Files/Java/jdk1.7.0_51/bin/../jre/bin/client;C:/Program Files/Java/jdk1.7.0_51/bin/../jre/bin;C:/Program Files/Java/jdk1.7.0_51/bin/../jre/lib/i386;C:\oraclexe\app\oracle\product\10.2.0\server\bin;C:\Windows\system32;C:\Windows;C:\Windows\System32\Wbem;C:\Windows\System32\WindowsPowerShell\v1.0\;C:\Program Files\Java\jdk1.7.0_51\bin;F:\Joo\download\apache-ant-1.9.3-bin\apache-ant-1.9.3\bin;C:\Program Files\Windows Kits\8.1\Windows Performance Toolkit\;C:\Program Files\Microsoft SQL Server\110\Tools\Binn\;C:\Program Files\Intel\OpenCL SDK\2.0\bin\x86;C:\APM_Setup\Server\Apache\bin;C:\APM_Setup\Server\MySQL5\bin;C:\APM_Setup\Server\PHP5;MAVEN_HOME\bin;C:\Users\jhta\AppData\Local\Bandizip\7z;C:\Users\jhta\Desktop\itsme\apache-maven-3.2.2\bin;;C:\Users\jhta\Desktop\eclipse2;
USERNAME=jhta
OS=Windows_NT
PROCESSOR_IDENTIFIER=x86 Family 6 Model 42 Stepping 7, GenuineIntel



---------------  S Y S T E M  ---------------

OS: Windows 7 Build 7601 Service Pack 1

CPU:total 4 (2 cores per cpu, 2 threads per core) family 6 model 42 stepping 7, cmov, cx8, fxsr, mmx, sse, sse2, sse3, ssse3, sse4.1, sse4.2, popcnt, avx, ht, tsc, tscinvbit

Memory: 4k page, physical 3056100k(464708k free), swap 188484848k(182140008k free)

vm_info: Java HotSpot(TM) Client VM (24.65-b04) for windows-x86 JRE (1.7.0_65-b20), built on Jul 11 2014 01:01:06 by "java_re" with unknown MS VC++:1600

time: Thu Jul 31 16:36:49 2014
elapsed time: 0 seconds

